Array
(
    [time] => 2025-11-03 11:56:41
    [error] => Account not found
    [file] => C:\xampp\htdocs\fastfood\login.php
    [line] => 83
    [trace] => #0 {main}
    [post_data] => Array
        (
        )

    [session] => Array
        (
        )

)

---
Array
(
    [time] => 2025-11-03 11:56:51
    [error] => Unknown column 'LastLogin' in 'field list'
    [file] => C:\xampp\htdocs\fastfood\login.php
    [line] => 61
    [trace] => #0 C:\xampp\htdocs\fastfood\login.php(61): mysqli->prepare('UPDATE clients ...')
#1 {main}
    [post_data] => Array
        (
        )

    [session] => Array
        (
            [user_id] => 
            [username] => mwangi
            [email] => john@gmail.com
            [role] => customer
            [first_name] => john
            [last_name] => mwangi
        )

)

---
Array
(
    [time] => 2025-11-03 12:06:47
    [error] => Incorrect password
    [file] => C:\xampp\htdocs\fastfood\login.php
    [line] => 83
    [trace] => #0 {main}
    [post_data] => Array
        (
        )

    [session] => Array
        (
        )

)

---
Array
(
    [time] => 2025-11-03 12:08:29
    [error] => Account not found
    [file] => C:\xampp\htdocs\fastfood\login.php
    [line] => 86
    [trace] => #0 {main}
    [post_data] => Array
        (
        )

    [session] => Array
        (
            [user_id] => 
            [username] => maina
            [email] => maina@gmail.com
            [role] => customer
            [first_name] => karanja
            [last_name] => maina
        )

)

---
Array
(
    [time] => 2025-11-03 12:08:42
    [error] => Incorrect password
    [file] => C:\xampp\htdocs\fastfood\login.php
    [line] => 83
    [trace] => #0 {main}
    [post_data] => Array
        (
        )

    [session] => Array
        (
            [user_id] => 
            [username] => maina
            [email] => maina@gmail.com
            [role] => customer
            [first_name] => karanja
            [last_name] => maina
        )

)

---
Array
(
    [time] => 2025-11-03 12:08:44
    [error] => Incorrect password
    [file] => C:\xampp\htdocs\fastfood\login.php
    [line] => 83
    [trace] => #0 {main}
    [post_data] => Array
        (
        )

    [session] => Array
        (
            [user_id] => 
            [username] => maina
            [email] => maina@gmail.com
            [role] => customer
            [first_name] => karanja
            [last_name] => maina
        )

)

---
Array
(
    [time] => 2025-11-03 12:08:45
    [error] => Incorrect password
    [file] => C:\xampp\htdocs\fastfood\login.php
    [line] => 83
    [trace] => #0 {main}
    [post_data] => Array
        (
        )

    [session] => Array
        (
            [user_id] => 
            [username] => maina
            [email] => maina@gmail.com
            [role] => customer
            [first_name] => karanja
            [last_name] => maina
        )

)

---
Array
(
    [time] => 2025-11-03 12:49:47
    [error] => Unknown column 'first_name' in 'field list'
    [file] => C:\xampp\htdocs\fastfood\login.php
    [line] => 84
    [trace] => #0 C:\xampp\htdocs\fastfood\login.php(84): mysqli->prepare('SELECT \n       ...')
#1 {main}
    [post_data] => Array
        (
        )

    [session] => Array
        (
            [user_id] => 
            [username] => madamboss
            [email] => boss@gmail.com
            [role] => customer
            [first_name] => madam
            [last_name] => boss
        )

)

---
Array
(
    [time] => 2025-11-03 12:51:05
    [error] => Unknown column 'first_name' in 'field list'
    [file] => C:\xampp\htdocs\fastfood\login.php
    [line] => 84
    [trace] => #0 C:\xampp\htdocs\fastfood\login.php(84): mysqli->prepare('SELECT \n       ...')
#1 {main}
    [post_data] => Array
        (
        )

    [session] => Array
        (
            [user_id] => 
            [username] => madamboss
            [email] => boss@gmail.com
            [role] => customer
            [first_name] => madam
            [last_name] => boss
        )

)

---
Array
(
    [time] => 2025-11-03 12:51:19
    [error] => Unknown column 'first_name' in 'field list'
    [file] => C:\xampp\htdocs\fastfood\login.php
    [line] => 84
    [trace] => #0 C:\xampp\htdocs\fastfood\login.php(84): mysqli->prepare('SELECT \n       ...')
#1 {main}
    [post_data] => Array
        (
        )

    [session] => Array
        (
            [user_id] => 
            [username] => madamboss
            [email] => boss@gmail.com
            [role] => customer
            [first_name] => madam
            [last_name] => boss
        )

)

---
